Determining if the pthread_create exist failed with the following output:
Change Dir: /mnt/d/Udacity/Udacity_Sensor_Fusion_Engineer_Nanodegree/SFND_Lidar_Obstacle_Detection-master/build/CMakeFiles/CMakeTmp

Run Build Command:"/usr/bin/make" "cmTC_7ece3/fast"
/usr/bin/make -f CMakeFiles/cmTC_7ece3.dir/build.make CMakeFiles/cmTC_7ece3.dir/build
make[1]: Entering directory '/mnt/d/Udacity/Udacity_Sensor_Fusion_Engineer_Nanodegree/SFND_Lidar_Obstacle_Detection-master/build/CMakeFiles/CMakeTmp'
Building C object CMakeFiles/cmTC_7ece3.dir/CheckSymbolExists.c.o
/usr/bin/cc    -o CMakeFiles/cmTC_7ece3.dir/CheckSymbolExists.c.o   -c /mnt/d/Udacity/Udacity_Sensor_Fusion_Engineer_Nanodegree/SFND_Lidar_Obstacle_Detection-master/build/CMakeFiles/CMakeTmp/CheckSymbolExists.c
Linking C executable cmTC_7ece3
/usr/bin/cmake -E cmake_link_script CMakeFiles/cmTC_7ece3.dir/link.txt --verbose=1
/usr/bin/cc      -rdynamic CMakeFiles/cmTC_7ece3.dir/CheckSymbolExists.c.o  -o cmTC_7ece3 
CMakeFiles/cmTC_7ece3.dir/CheckSymbolExists.c.o: In function `main':
CheckSymbolExists.c:(.text+0x1b): undefined reference to `pthread_create'
collect2: error: ld returned 1 exit status
CMakeFiles/cmTC_7ece3.dir/build.make:97: recipe for target 'cmTC_7ece3' failed
make[1]: *** [cmTC_7ece3] Error 1
make[1]: Leaving directory '/mnt/d/Udacity/Udacity_Sensor_Fusion_Engineer_Nanodegree/SFND_Lidar_Obstacle_Detection-master/build/CMakeFiles/CMakeTmp'
Makefile:126: recipe for target 'cmTC_7ece3/fast' failed
make: *** [cmTC_7ece3/fast] Error 2

File /mnt/d/Udacity/Udacity_Sensor_Fusion_Engineer_Nanodegree/SFND_Lidar_Obstacle_Detection-master/build/CMakeFiles/CMakeTmp/CheckSymbolExists.c:
/* */
#include <pthread.h>

int main(int argc, char** argv)
{
  (void)argv;
#ifndef pthread_create
  return ((int*)(&pthread_create))[argc];
#else
  (void)argc;
  return 0;
#endif
}

Determining if the function pthread_create exists in the pthreads failed with the following output:
Change Dir: /mnt/d/Udacity/Udacity_Sensor_Fusion_Engineer_Nanodegree/SFND_Lidar_Obstacle_Detection-master/build/CMakeFiles/CMakeTmp

Run Build Command:"/usr/bin/make" "cmTC_9770d/fast"
/usr/bin/make -f CMakeFiles/cmTC_9770d.dir/build.make CMakeFiles/cmTC_9770d.dir/build
make[1]: Entering directory '/mnt/d/Udacity/Udacity_Sensor_Fusion_Engineer_Nanodegree/SFND_Lidar_Obstacle_Detection-master/build/CMakeFiles/CMakeTmp'
Building C object CMakeFiles/cmTC_9770d.dir/CheckFunctionExists.c.o
/usr/bin/cc   -DCHECK_FUNCTION_EXISTS=pthread_create   -o CMakeFiles/cmTC_9770d.dir/CheckFunctionExists.c.o   -c /usr/share/cmake-3.10/Modules/CheckFunctionExists.c
Linking C executable cmTC_9770d
/usr/bin/cmake -E cmake_link_script CMakeFiles/cmTC_9770d.dir/link.txt --verbose=1
/usr/bin/cc  -DCHECK_FUNCTION_EXISTS=pthread_create    -rdynamic CMakeFiles/cmTC_9770d.dir/CheckFunctionExists.c.o  -o cmTC_9770d -lpthreads 
/usr/bin/ld: cannot find -lpthreads
collect2: error: ld returned 1 exit status
CMakeFiles/cmTC_9770d.dir/build.make:97: recipe for target 'cmTC_9770d' failed
make[1]: *** [cmTC_9770d] Error 1
make[1]: Leaving directory '/mnt/d/Udacity/Udacity_Sensor_Fusion_Engineer_Nanodegree/SFND_Lidar_Obstacle_Detection-master/build/CMakeFiles/CMakeTmp'
Makefile:126: recipe for target 'cmTC_9770d/fast' failed
make: *** [cmTC_9770d/fast] Error 2


